<?xml version="1.0" encoding="UTF-8"?>
<testsuite name="bind.iotstudycafe.commons.web.session.SessionManagerTest" tests="1" skipped="0" failures="0" errors="0" timestamp="2024-07-01T08:12:52" hostname="DESKTOP-A1COPVD" time="0.102">
  <properties/>
  <testcase name="sessionTest()" classname="bind.iotstudycafe.commons.web.session.SessionManagerTest" time="0.102"/>
  <system-out><![CDATA[]]></system-out>
  <system-err><![CDATA[]]></system-err>
</testsuite>
