<?xml version="1.0" encoding="UTF-8"?>
<testsuite name="bind.iotstudycafe.commons.exampleDomain.service.ExampleDomainServiceTest" tests="1" skipped="0" failures="0" errors="0" timestamp="2024-07-04T05:32:25" hostname="DESKTOP-A1COPVD" time="0.513">
  <properties/>
  <testcase name="findById()" classname="bind.iotstudycafe.commons.exampleDomain.service.ExampleDomainServiceTest" time="0.513"/>
  <system-out><![CDATA[14:32:21.083 [Test worker] INFO org.springframework.test.context.support.AnnotationConfigContextLoaderUtils -- Could not detect default configuration classes for test class [bind.iotstudycafe.commons.exampleDomain.service.ExampleDomainServiceTest]: ExampleDomainServiceTest does not declare any static, non-private, non-final, nested classes annotated with @Configuration.
14:32:21.223 [Test worker] INFO org.springframework.boot.test.context.SpringBootTestContextBootstrapper -- Found @SpringBootConfiguration bind.iotstudycafe.IotStudyCafeApplication for test class bind.iotstudycafe.commons.exampleDomain.service.ExampleDomainServiceTest
  .   ____          _            __ _ _
 /\\ / ___'_ __ _ _(_)_ __  __ _ \ \ \ \
( ( )\___ | '_ | '_| | '_ \/ _` | \ \ \ \
 \\/  ___)| |_)| | | | | || (_| |  ) ) ) )
  '  |____| .__|_| |_|_| |_\__, | / / / /
 =========|_|==============|___/=/_/_/_/

 :: Spring Boot ::                (v3.3.0)

2024-07-04T14:32:21.524+09:00  INFO 22532 --- [iot-study-cafe] [    Test worker] b.i.c.e.s.ExampleDomainServiceTest       : Starting ExampleDomainServiceTest using Java 21.0.3 with PID 22532 (started by Cho in E:\study\iot-study-cafe\iot-study-cafe-be)
2024-07-04T14:32:21.525+09:00  INFO 22532 --- [iot-study-cafe] [    Test worker] b.i.c.e.s.ExampleDomainServiceTest       : No active profile set, falling back to 1 default profile: "default"
2024-07-04T14:32:22.271+09:00  INFO 22532 --- [iot-study-cafe] [    Test worker] .s.d.r.c.RepositoryConfigurationDelegate : Bootstrapping Spring Data JPA repositories in DEFAULT mode.
2024-07-04T14:32:22.320+09:00  INFO 22532 --- [iot-study-cafe] [    Test worker] .s.d.r.c.RepositoryConfigurationDelegate : Finished Spring Data repository scanning in 41 ms. Found 1 JPA repository interface.
2024-07-04T14:32:22.745+09:00  INFO 22532 --- [iot-study-cafe] [    Test worker] com.zaxxer.hikari.HikariDataSource       : HikariPool-1 - Starting...
2024-07-04T14:32:23.063+09:00  INFO 22532 --- [iot-study-cafe] [    Test worker] com.zaxxer.hikari.pool.HikariPool        : HikariPool-1 - Added connection com.mysql.cj.jdbc.ConnectionImpl@2b441e56
2024-07-04T14:32:23.065+09:00  INFO 22532 --- [iot-study-cafe] [    Test worker] com.zaxxer.hikari.HikariDataSource       : HikariPool-1 - Start completed.
2024-07-04T14:32:23.118+09:00  INFO 22532 --- [iot-study-cafe] [    Test worker] o.hibernate.jpa.internal.util.LogHelper  : HHH000204: Processing PersistenceUnitInfo [name: default]
2024-07-04T14:32:23.171+09:00  INFO 22532 --- [iot-study-cafe] [    Test worker] org.hibernate.Version                    : HHH000412: Hibernate ORM core version 6.5.2.Final
2024-07-04T14:32:23.218+09:00  INFO 22532 --- [iot-study-cafe] [    Test worker] o.h.c.internal.RegionFactoryInitiator    : HHH000026: Second-level cache disabled
2024-07-04T14:32:23.528+09:00  INFO 22532 --- [iot-study-cafe] [    Test worker] o.s.o.j.p.SpringPersistenceUnitInfo      : No LoadTimeWeaver setup: ignoring JPA class transformer
2024-07-04T14:32:23.638+09:00 DEBUG 22532 --- [iot-study-cafe] [    Test worker] o.h.t.d.sql.spi.DdlTypeRegistry          : addDescriptor(12, org.hibernate.type.descriptor.sql.internal.CapacityDependentDdlType@32dbca45) replaced previous registration(org.hibernate.type.descriptor.sql.internal.CapacityDependentDdlType@2cc34cd5)
2024-07-04T14:32:23.638+09:00 DEBUG 22532 --- [iot-study-cafe] [    Test worker] o.h.t.d.sql.spi.DdlTypeRegistry          : addDescriptor(-9, org.hibernate.type.descriptor.sql.internal.CapacityDependentDdlType@684b26b7) replaced previous registration(org.hibernate.type.descriptor.sql.internal.CapacityDependentDdlType@2de7c84a)
2024-07-04T14:32:23.638+09:00 DEBUG 22532 --- [iot-study-cafe] [    Test worker] o.h.t.d.sql.spi.DdlTypeRegistry          : addDescriptor(-3, org.hibernate.type.descriptor.sql.internal.CapacityDependentDdlType@4182a651) replaced previous registration(org.hibernate.type.descriptor.sql.internal.CapacityDependentDdlType@7791ff50)
2024-07-04T14:32:23.638+09:00 DEBUG 22532 --- [iot-study-cafe] [    Test worker] o.h.t.d.sql.spi.DdlTypeRegistry          : addDescriptor(4003, org.hibernate.type.descriptor.sql.internal.DdlTypeImpl@46de118b) replaced previous registration(org.hibernate.type.descriptor.sql.internal.DdlTypeImpl@55682482)
2024-07-04T14:32:23.639+09:00 DEBUG 22532 --- [iot-study-cafe] [    Test worker] o.h.t.d.sql.spi.DdlTypeRegistry          : addDescriptor(4001, org.hibernate.type.descriptor.sql.internal.DdlTypeImpl@10cb050) replaced previous registration(org.hibernate.type.descriptor.sql.internal.DdlTypeImpl@799fb45e)
2024-07-04T14:32:23.639+09:00 DEBUG 22532 --- [iot-study-cafe] [    Test worker] o.h.t.d.sql.spi.DdlTypeRegistry          : addDescriptor(4002, org.hibernate.type.descriptor.sql.internal.DdlTypeImpl@4f7ba0af) replaced previous registration(org.hibernate.type.descriptor.sql.internal.DdlTypeImpl@5b23c1f6)
2024-07-04T14:32:23.639+09:00 DEBUG 22532 --- [iot-study-cafe] [    Test worker] o.h.t.d.sql.spi.DdlTypeRegistry          : addDescriptor(2004, org.hibernate.type.descriptor.sql.internal.CapacityDependentDdlType@3f4964f2) replaced previous registration(org.hibernate.type.descriptor.sql.internal.DdlTypeImpl@3bf01a01)
2024-07-04T14:32:23.639+09:00 DEBUG 22532 --- [iot-study-cafe] [    Test worker] o.h.t.d.sql.spi.DdlTypeRegistry          : addDescriptor(2005, org.hibernate.type.descriptor.sql.internal.CapacityDependentDdlType@299cab08) replaced previous registration(org.hibernate.type.descriptor.sql.internal.DdlTypeImpl@6c75e3bc)
2024-07-04T14:32:23.639+09:00 DEBUG 22532 --- [iot-study-cafe] [    Test worker] o.h.t.d.sql.spi.DdlTypeRegistry          : addDescriptor(2011, org.hibernate.type.descriptor.sql.internal.CapacityDependentDdlType@186f7434) replaced previous registration(org.hibernate.type.descriptor.sql.internal.DdlTypeImpl@2374452a)
2024-07-04T14:32:24.131+09:00  INFO 22532 --- [iot-study-cafe] [    Test worker] o.h.e.t.j.p.i.JtaPlatformInitiator       : HHH000489: No JTA platform available (set 'hibernate.transaction.jta.platform' to enable JTA platform integration)
2024-07-04T14:32:24.134+09:00  INFO 22532 --- [iot-study-cafe] [    Test worker] j.LocalContainerEntityManagerFactoryBean : Initialized JPA EntityManagerFactory for persistence unit 'default'
2024-07-04T14:32:24.667+09:00  WARN 22532 --- [iot-study-cafe] [    Test worker] JpaBaseConfiguration$JpaWebConfiguration : spring.jpa.open-in-view is enabled by default. Therefore, database queries may be performed during view rendering. Explicitly configure spring.jpa.open-in-view to disable this warning
2024-07-04T14:32:25.126+09:00  INFO 22532 --- [iot-study-cafe] [    Test worker] b.i.c.e.s.ExampleDomainServiceTest       : Started ExampleDomainServiceTest in 3.782 seconds (process running for 5.839)
2024-07-04T14:32:25.622+09:00  INFO 22532 --- [iot-study-cafe] [    Test worker] b.i.c.e.s.ExampleDomainServiceTest       : exampleDomain: ExampleDomain(id=2, loginId=ms91, password=1111, name=Chominseong, age=23)
2024-07-04T14:32:25.623+09:00  INFO 22532 --- [iot-study-cafe] [    Test worker] b.i.c.e.s.ExampleDomainServiceTest       : findExampleDomain: ExampleDomain(id=2, loginId=ms91, password=1111, name=Chominseong, age=23)
]]></system-out>
  <system-err><![CDATA[WARNING: A Java agent has been loaded dynamically (C:\Users\Cho\.gradle\caches\modules-2\files-2.1\net.bytebuddy\byte-buddy-agent\1.14.16\4a451ee6484abac3a498df0f3b33ed00a6fced4d\byte-buddy-agent-1.14.16.jar)
WARNING: If a serviceability tool is in use, please run with -XX:+EnableDynamicAgentLoading to hide this warning
WARNING: If a serviceability tool is not in use, please run with -Djdk.instrument.traceUsage for more information
WARNING: Dynamic loading of agents will be disallowed by default in a future release
]]></system-err>
</testsuite>
